<?xml version="1.0" encoding="UTF-8"?>
<!-- Generated by org.testng.reporters.JUnitReportReporter -->
<testsuite skipped="27" hostname="DESKTOP-2TQFBEG" name="com.pss.admin.AdminUserCreation.MultiUsersCreationAndPasswordChangeAdminTest" tests="28" failures="0" timestamp="2022-03-24T14:15:32 IST" time="28.916" errors="1">
  <testcase name="toMultiUserCreation" time="0.002" classname="com.pss.admin.AdminUserCreation.MultiUsersCreationAndPasswordChangeAdminTest">
    <skipped/>
  </testcase> <!-- toMultiUserCreation -->
  <testcase name="toMultiUserCreation" time="0.003" classname="com.pss.admin.AdminUserCreation.MultiUsersCreationAndPasswordChangeAdminTest">
    <skipped/>
  </testcase> <!-- toMultiUserCreation -->
  <testcase name="toMultiUserCreation" time="0.001" classname="com.pss.admin.AdminUserCreation.MultiUsersCreationAndPasswordChangeAdminTest">
    <skipped/>
  </testcase> <!-- toMultiUserCreation -->
  <testcase name="toMultiUserCreation" time="0.001" classname="com.pss.admin.AdminUserCreation.MultiUsersCreationAndPasswordChangeAdminTest">
    <skipped/>
  </testcase> <!-- toMultiUserCreation -->
  <testcase name="toMultiUserCreation" time="0.001" classname="com.pss.admin.AdminUserCreation.MultiUsersCreationAndPasswordChangeAdminTest">
    <skipped/>
  </testcase> <!-- toMultiUserCreation -->
  <testcase name="toMultiUserCreation" time="0.001" classname="com.pss.admin.AdminUserCreation.MultiUsersCreationAndPasswordChangeAdminTest">
    <skipped/>
  </testcase> <!-- toMultiUserCreation -->
  <testcase name="toMultiUserCreation" time="0.001" classname="com.pss.admin.AdminUserCreation.MultiUsersCreationAndPasswordChangeAdminTest">
    <skipped/>
  </testcase> <!-- toMultiUserCreation -->
  <testcase name="toMultiUserCreation" time="0.002" classname="com.pss.admin.AdminUserCreation.MultiUsersCreationAndPasswordChangeAdminTest">
    <skipped/>
  </testcase> <!-- toMultiUserCreation -->
  <testcase name="toMultiUserCreation" time="0.003" classname="com.pss.admin.AdminUserCreation.MultiUsersCreationAndPasswordChangeAdminTest">
    <skipped/>
  </testcase> <!-- toMultiUserCreation -->
  <testcase name="toMultiUserCreation" time="0.001" classname="com.pss.admin.AdminUserCreation.MultiUsersCreationAndPasswordChangeAdminTest">
    <skipped/>
  </testcase> <!-- toMultiUserCreation -->
  <testcase name="toMultiUserCreation" time="28.877" classname="com.pss.admin.AdminUserCreation.MultiUsersCreationAndPasswordChangeAdminTest">
    <error type="org.openqa.selenium.NoSuchElementException" message="Cannot locate an element using id=oldPassword
For documentation on this error, please visit: https://www.seleniumhq.org/exceptions/no_such_element.html
Build info: version: &#039;3.141.59&#039;, revision: &#039;e82be7d358&#039;, time: &#039;2018-11-14T08:17:03&#039;
System info: host: &#039;DESKTOP-2TQFBEG&#039;, ip: &#039;192.168.0.103&#039;, os.name: &#039;Windows 10&#039;, os.arch: &#039;amd64&#039;, os.version: &#039;10.0&#039;, java.version: &#039;1.8.0_202&#039;
Driver info: driver.version: RemoteWebDriver">
      <![CDATA[org.openqa.selenium.NoSuchElementException: Cannot locate an element using id=oldPassword
For documentation on this error, please visit: https://www.seleniumhq.org/exceptions/no_such_element.html
Build info: version: '3.141.59', revision: 'e82be7d358', time: '2018-11-14T08:17:03'
System info: host: 'DESKTOP-2TQFBEG', ip: '192.168.0.103', os.name: 'Windows 10', os.arch: 'amd64', os.version: '10.0', java.version: '1.8.0_202'
Driver info: driver.version: RemoteWebDriver
at org.openqa.selenium.remote.RemoteWebDriver.findElement(RemoteWebDriver.java:327)
at org.openqa.selenium.remote.RemoteWebDriver.findElementById(RemoteWebDriver.java:372)
at org.openqa.selenium.By$ById.findElement(By.java:188)
at org.openqa.selenium.remote.RemoteWebDriver.findElement(RemoteWebDriver.java:315)
at com.pss.admin.AdminUserCreation.FirstTimeUserLogin.methodToChangePassword(FirstTimeUserLogin.java:80)
at com.pss.admin.AdminUserCreation.FirstTimeUserLogin.Login(FirstTimeUserLogin.java:67)
at com.pss.admin.AdminUserCreation.MultiUsersCreationAndPasswordChangeAdminTest.toMultiUserCreation(MultiUsersCreationAndPasswordChangeAdminTest.java:63)
at sun.reflect.NativeMethodAccessorImpl.invoke0(Native Method)
at sun.reflect.NativeMethodAccessorImpl.invoke(NativeMethodAccessorImpl.java:62)
at sun.reflect.DelegatingMethodAccessorImpl.invoke(DelegatingMethodAccessorImpl.java:43)
at java.lang.reflect.Method.invoke(Method.java:498)
at org.testng.internal.MethodInvocationHelper.invokeMethod(MethodInvocationHelper.java:133)
at org.testng.internal.TestInvoker.invokeMethod(TestInvoker.java:584)
at org.testng.internal.TestInvoker.invokeTestMethod(TestInvoker.java:172)
at org.testng.internal.MethodRunner.runInSequence(MethodRunner.java:46)
at org.testng.internal.TestInvoker$MethodInvocationAgent.invoke(TestInvoker.java:804)
at org.testng.internal.TestInvoker.invokeTestMethods(TestInvoker.java:145)
at org.testng.internal.TestMethodWorker.invokeTestMethods(TestMethodWorker.java:146)
at org.testng.internal.TestMethodWorker.run(TestMethodWorker.java:128)
at java.util.ArrayList.forEach(ArrayList.java:1257)
at org.testng.TestRunner.privateRun(TestRunner.java:770)
at org.testng.TestRunner.run(TestRunner.java:591)
at org.testng.SuiteRunner.runTest(SuiteRunner.java:402)
at org.testng.SuiteRunner.runSequentially(SuiteRunner.java:396)
at org.testng.SuiteRunner.privateRun(SuiteRunner.java:355)
at org.testng.SuiteRunner.run(SuiteRunner.java:304)
at org.testng.SuiteRunnerWorker.runSuite(SuiteRunnerWorker.java:53)
at org.testng.SuiteRunnerWorker.run(SuiteRunnerWorker.java:96)
at org.testng.TestNG.runSuitesSequentially(TestNG.java:1180)
at org.testng.TestNG.runSuitesLocally(TestNG.java:1102)
at org.testng.TestNG.runSuites(TestNG.java:1032)
at org.testng.TestNG.run(TestNG.java:1000)
at org.testng.remote.AbstractRemoteTestNG.run(AbstractRemoteTestNG.java:115)
at org.testng.remote.RemoteTestNG.initAndRun(RemoteTestNG.java:251)
at org.testng.remote.RemoteTestNG.main(RemoteTestNG.java:77)
]]>
    </error>
  </testcase> <!-- toMultiUserCreation -->
  <testcase name="toMultiUserCreation" time="0.002" classname="com.pss.admin.AdminUserCreation.MultiUsersCreationAndPasswordChangeAdminTest">
    <skipped/>
  </testcase> <!-- toMultiUserCreation -->
  <testcase name="toMultiUserCreation" time="0.002" classname="com.pss.admin.AdminUserCreation.MultiUsersCreationAndPasswordChangeAdminTest">
    <skipped/>
  </testcase> <!-- toMultiUserCreation -->
  <testcase name="toMultiUserCreation" time="0.001" classname="com.pss.admin.AdminUserCreation.MultiUsersCreationAndPasswordChangeAdminTest">
    <skipped/>
  </testcase> <!-- toMultiUserCreation -->
  <testcase name="toMultiUserCreation" time="0.002" classname="com.pss.admin.AdminUserCreation.MultiUsersCreationAndPasswordChangeAdminTest">
    <skipped/>
  </testcase> <!-- toMultiUserCreation -->
  <testcase name="toMultiUserCreation" time="0.002" classname="com.pss.admin.AdminUserCreation.MultiUsersCreationAndPasswordChangeAdminTest">
    <skipped/>
  </testcase> <!-- toMultiUserCreation -->
  <testcase name="toMultiUserCreation" time="0.001" classname="com.pss.admin.AdminUserCreation.MultiUsersCreationAndPasswordChangeAdminTest">
    <skipped/>
  </testcase> <!-- toMultiUserCreation -->
  <testcase name="toMultiUserCreation" time="0.001" classname="com.pss.admin.AdminUserCreation.MultiUsersCreationAndPasswordChangeAdminTest">
    <skipped/>
  </testcase> <!-- toMultiUserCreation -->
  <testcase name="toMultiUserCreation" time="0.002" classname="com.pss.admin.AdminUserCreation.MultiUsersCreationAndPasswordChangeAdminTest">
    <skipped/>
  </testcase> <!-- toMultiUserCreation -->
  <testcase name="toMultiUserCreation" time="0.000" classname="com.pss.admin.AdminUserCreation.MultiUsersCreationAndPasswordChangeAdminTest">
    <skipped/>
  </testcase> <!-- toMultiUserCreation -->
  <testcase name="toMultiUserCreation" time="0.001" classname="com.pss.admin.AdminUserCreation.MultiUsersCreationAndPasswordChangeAdminTest">
    <skipped/>
  </testcase> <!-- toMultiUserCreation -->
  <testcase name="toMultiUserCreation" time="0.001" classname="com.pss.admin.AdminUserCreation.MultiUsersCreationAndPasswordChangeAdminTest">
    <skipped/>
  </testcase> <!-- toMultiUserCreation -->
  <testcase name="toMultiUserCreation" time="0.001" classname="com.pss.admin.AdminUserCreation.MultiUsersCreationAndPasswordChangeAdminTest">
    <skipped/>
  </testcase> <!-- toMultiUserCreation -->
  <testcase name="toMultiUserCreation" time="0.001" classname="com.pss.admin.AdminUserCreation.MultiUsersCreationAndPasswordChangeAdminTest">
    <skipped/>
  </testcase> <!-- toMultiUserCreation -->
  <testcase name="toMultiUserCreation" time="0.002" classname="com.pss.admin.AdminUserCreation.MultiUsersCreationAndPasswordChangeAdminTest">
    <skipped/>
  </testcase> <!-- toMultiUserCreation -->
  <testcase name="toMultiUserCreation" time="0.001" classname="com.pss.admin.AdminUserCreation.MultiUsersCreationAndPasswordChangeAdminTest">
    <skipped/>
  </testcase> <!-- toMultiUserCreation -->
  <testcase name="toMultiUserCreation" time="0.002" classname="com.pss.admin.AdminUserCreation.MultiUsersCreationAndPasswordChangeAdminTest">
    <skipped/>
  </testcase> <!-- toMultiUserCreation -->
  <testcase name="toMultiUserCreation" time="0.001" classname="com.pss.admin.AdminUserCreation.MultiUsersCreationAndPasswordChangeAdminTest">
    <skipped/>
  </testcase> <!-- toMultiUserCreation -->
</testsuite> <!-- com.pss.admin.AdminUserCreation.MultiUsersCreationAndPasswordChangeAdminTest -->
